{
  "stats": {
    "suites": 1,
    "tests": 16,
    "passes": 12,
    "pending": 0,
    "failures": 4,
    "testsRegistered": 16,
    "passPercent": 75,
    "pendingPercent": 0,
    "other": 0,
    "hasOther": false,
    "skipped": 0,
    "hasSkipped": false,
    "start": "2024-03-09T13:22:53.976Z",
    "end": "2024-03-09T13:27:52.954Z",
    "duration": 298978
  },
  "results": [
    {
      "uuid": "34667c90-b94f-4e4c-912c-06724e15d2f7",
      "title": "",
      "fullFile": "cypress\\e2e\\order.testCases.cy.js",
      "file": "cypress\\e2e\\order.testCases.cy.js",
      "beforeHooks": [],
      "afterHooks": [],
      "tests": [],
      "suites": [
        {
          "uuid": "f665fab4-9f42-4349-92ca-0ba786816b66",
          "title": "Form Submission and Local storage management",
          "fullFile": "",
          "file": "",
          "beforeHooks": [],
          "afterHooks": [],
          "tests": [
            {
              "title": "should submit the form with valid data and accurately track submission count in UI and local storage",
              "fullTitle": "Form Submission and Local storage management should submit the form with valid data and accurately track submission count in UI and local storage",
              "timedOut": null,
              "duration": 18873,
              "state": "passed",
              "speed": "slow",
              "pass": true,
              "fail": false,
              "pending": false,
              "context": null,
              "code": "_formData.default.validData.forEach((data, index) => {\n  if (index === 0) {\n    cy.getCountFromLocalStorage().then(localStorageCount => {\n      expect(localStorageCount).to.be.null;\n    });\n  }\n  cy.fillFormData(data.name, data.email, data.age, data.reason);\n  formPage.verifySubmissionConfirmed(data.name);\n  formPage.verifySubmissionCount(index + 1);\n  cy.getCountFromLocalStorage().then(localStorageCount => {\n    expect(localStorageCount).to.equal(index + 1);\n  });\n  cy.reload();\n});",
              "err": {},
              "uuid": "0aed8faa-fe33-46a0-ab9a-df0602848a6e",
              "parentUUID": "f665fab4-9f42-4349-92ca-0ba786816b66",
              "isHook": false,
              "skipped": false
            },
            {
              "title": "Should verify the submissions and localstorage by setting and deleting the count",
              "fullTitle": "Form Submission and Local storage management Should verify the submissions and localstorage by setting and deleting the count",
              "timedOut": null,
              "duration": 6472,
              "state": "passed",
              "speed": "medium",
              "pass": true,
              "fail": false,
              "pending": false,
              "context": null,
              "code": "const randomCount = (0, _utils.getRandomCount)();\nconst data = _formData.default.validData[0];\ncy.fillFormData(data.name, data.email, data.age, data.reason);\nformPage.verifySubmissionCount(1);\ncy.setCountInLocalStorage(randomCount);\ncy.getCountFromLocalStorage().then(localStorageCount => {\n  expect(localStorageCount).to.equal(randomCount);\n});\ncy.reload();\ncy.fillFormData(data.name, data.email, data.age, data.reason);\nformPage.verifySubmissionCount(randomCount + 1);\ncy.deleteCountInLocalStorage();\ncy.getCountFromLocalStorage().then(localStorageCount => {\n  expect(localStorageCount).to.be.null;\n});\ncy.reload();\ncy.fillFormData(data.name, data.email, data.age, data.reason);\nformPage.verifySubmissionCount(1);",
              "err": {},
              "uuid": "4e0c490a-876f-4a9f-aa53-ae9afc66cb03",
              "parentUUID": "f665fab4-9f42-4349-92ca-0ba786816b66",
              "isHook": false,
              "skipped": false
            },
            {
              "title": "should clear the cookies and verify submissions",
              "fullTitle": "Form Submission and Local storage management should clear the cookies and verify submissions",
              "timedOut": null,
              "duration": 5327,
              "state": "passed",
              "speed": "medium",
              "pass": true,
              "fail": false,
              "pending": false,
              "context": null,
              "code": "const data = _formData.default.validData[1];\ncy.fillFormData(data.name, data.email, data.age, data.reason);\nformPage.verifySubmissionCount(1);\ncy.clearAllCookies();\ncy.clearAllLocalStorage();\ncy.visit('/');\ncy.fillFormData(data.name, data.email, data.age, data.reason);\nformPage.verifySubmissionCount(1);",
              "err": {},
              "uuid": "3f029c98-4b8d-4960-9f17-2468022694c7",
              "parentUUID": "f665fab4-9f42-4349-92ca-0ba786816b66",
              "isHook": false,
              "skipped": false
            }
          ],
          "suites": [],
          "passes": [
            "0aed8faa-fe33-46a0-ab9a-df0602848a6e",
            "4e0c490a-876f-4a9f-aa53-ae9afc66cb03",
            "3f029c98-4b8d-4960-9f17-2468022694c7"
          ],
          "failures": [],
          "pending": [],
          "skipped": [],
          "duration": 30672,
          "root": false,
          "rootEmpty": false,
          "_timeout": 2000
        },
        {
          "uuid": "212b1c72-c9b3-41ce-8195-f5b49b5cb279",
          "title": "validate form - field, title etc",
          "fullFile": "",
          "file": "",
          "beforeHooks": [],
          "afterHooks": [],
          "tests": [
            {
              "title": "Should verify the Title and Form texts assertions",
              "fullTitle": "validate form - field, title etc Should verify the Title and Form texts assertions",
              "timedOut": null,
              "duration": 721,
              "state": "passed",
              "speed": "fast",
              "pass": true,
              "fail": false,
              "pending": false,
              "context": null,
              "code": "formPage.verifyPresenceTitleandFields();",
              "err": {},
              "uuid": "6980b7cf-83ca-4941-b60c-999dc18066ed",
              "parentUUID": "212b1c72-c9b3-41ce-8195-f5b49b5cb279",
              "isHook": false,
              "skipped": false
            },
            {
              "title": "Should verify the focus on Input",
              "fullTitle": "validate form - field, title etc Should verify the focus on Input",
              "timedOut": null,
              "duration": 1245,
              "state": "failed",
              "speed": null,
              "pass": false,
              "fail": true,
              "pending": false,
              "context": null,
              "code": "formPage.verifyFocusInputFields();",
              "err": {
                "message": "Error: Bug detected:Input field does not turn as blue on focus",
                "estack": "Error: Bug detected:Input field does not turn as blue on focus\n    at Context.eval (webpack:///./cypress/e2e/POM/formPage.js:52:22)",
                "diff": null
              },
              "uuid": "a671041b-6ade-4481-86e3-5f0c03584d03",
              "parentUUID": "212b1c72-c9b3-41ce-8195-f5b49b5cb279",
              "isHook": false,
              "skipped": false
            },
            {
              "title": "Should verify the Error fields",
              "fullTitle": "validate form - field, title etc Should verify the Error fields",
              "timedOut": null,
              "duration": 31439,
              "state": "failed",
              "speed": null,
              "pass": false,
              "fail": true,
              "pending": false,
              "context": null,
              "code": "formPage.verifyErroronFields();",
              "err": {
                "message": "Error: Timed out retrying after 30000ms: Bug detected:Input field did not turn to red on error",
                "estack": "Error: Timed out retrying after 30000ms: Bug detected:Input field did not turn to red on error\n    at Context.eval (webpack:///./cypress/e2e/POM/formPage.js:65:26)",
                "diff": null
              },
              "uuid": "1d094d45-98e2-4117-a174-e208ed53a2e6",
              "parentUUID": "212b1c72-c9b3-41ce-8195-f5b49b5cb279",
              "isHook": false,
              "skipped": false
            },
            {
              "title": "Should verify the form submission with data of age less than 18 ",
              "fullTitle": "validate form - field, title etc Should verify the form submission with data of age less than 18 ",
              "timedOut": null,
              "duration": 51973,
              "state": "failed",
              "speed": null,
              "pass": false,
              "fail": true,
              "pending": false,
              "context": null,
              "code": "let errorMessages = [];\n_formData.default.ageLessthan18.forEach(data => {\n  cy.fillFormData(data.name, data.email, data.age, data.reason);\n  formPage.verifySubmissionAgeLessthan18(data.age, errorMessages);\n  cy.reload();\n});\ncy.log(errorMessages);\ncy.then(() => {\n  expect(errorMessages).to.be.empty;\n});",
              "err": {
                "message": "AssertionError: expected [ Array(1) ] to be empty",
                "estack": "AssertionError: expected [ Array(1) ] to be empty\n    at Context.eval (webpack:///./cypress/e2e/UI/formAssertions.js:31:40)",
                "diff": null
              },
              "uuid": "6318b4cb-c862-4c44-9d76-8e4e25b3500e",
              "parentUUID": "212b1c72-c9b3-41ce-8195-f5b49b5cb279",
              "isHook": false,
              "skipped": false
            },
            {
              "title": "Should verify with different error data - empty values, special characters, single char,numeric and chars etc",
              "fullTitle": "validate form - field, title etc Should verify with different error data - empty values, special characters, single char,numeric and chars etc",
              "timedOut": null,
              "duration": 24109,
              "state": "failed",
              "speed": null,
              "pass": false,
              "fail": true,
              "pending": false,
              "context": null,
              "code": "let errorMessages = [];\n_formData.default.invalidData.forEach(data => {\n  cy.fillFormData(data.name, data.email, data.age, data.reason);\n  formPage.verifyformSubmissionInvalidData(data, errorMessages);\n  cy.reload();\n});\nif (errorMessages.length > 0) {\n  cy.log(`Errors found:\\n ${errorMessages.join('\\n')}`);\n}\ncy.then(() => {\n  expect(errorMessages).to.be.empty;\n});",
              "err": {
                "message": "AssertionError: expected [ Array(12) ] to be empty",
                "estack": "AssertionError: expected [ Array(12) ] to be empty\n    at Context.eval (webpack:///./cypress/e2e/UI/formAssertions.js:49:40)",
                "diff": null
              },
              "uuid": "7d75e996-0b33-4222-8f7b-81dbf6276880",
              "parentUUID": "212b1c72-c9b3-41ce-8195-f5b49b5cb279",
              "isHook": false,
              "skipped": false
            }
          ],
          "suites": [],
          "passes": [
            "6980b7cf-83ca-4941-b60c-999dc18066ed"
          ],
          "failures": [
            "a671041b-6ade-4481-86e3-5f0c03584d03",
            "1d094d45-98e2-4117-a174-e208ed53a2e6",
            "6318b4cb-c862-4c44-9d76-8e4e25b3500e",
            "7d75e996-0b33-4222-8f7b-81dbf6276880"
          ],
          "pending": [],
          "skipped": [],
          "duration": 109487,
          "root": false,
          "rootEmpty": false,
          "_timeout": 2000
        },
        {
          "uuid": "09beb7db-c702-4f2f-bb1e-e36c2732444a",
          "title": "CSS assertions",
          "fullFile": "",
          "file": "",
          "beforeHooks": [],
          "afterHooks": [],
          "tests": [
            {
              "title": "Title CSS assertions",
              "fullTitle": "CSS assertions Title CSS assertions",
              "timedOut": null,
              "duration": 2007,
              "state": "passed",
              "speed": "fast",
              "pass": true,
              "fail": false,
              "pending": false,
              "context": null,
              "code": "formPage.verifyCSSProperties(\"title-Text\", _cssData.default[\"title-Text\"][\"font-size\"], _cssData.default[\"title-Text\"][\"font-weight\"], _cssData.default[\"title-Text\"][\"font-family\"], _cssData.default[\"title-Text\"][\"color\"]);",
              "err": {},
              "uuid": "4b27ea4c-6764-45db-80c4-373d21ccd7b4",
              "parentUUID": "09beb7db-c702-4f2f-bb1e-e36c2732444a",
              "isHook": false,
              "skipped": false
            },
            {
              "title": "Submit button CSS assertions",
              "fullTitle": "CSS assertions Submit button CSS assertions",
              "timedOut": null,
              "duration": 1576,
              "state": "passed",
              "speed": "fast",
              "pass": true,
              "fail": false,
              "pending": false,
              "context": null,
              "code": "formPage.verifyCSSProperties(\"submit-Button\", _cssData.default[\"submit-Button\"][\"font-size\"], _cssData.default[\"submit-Button\"][\"font-weight\"], _cssData.default[\"submit-Button\"][\"font-family\"], _cssData.default[\"submit-Button\"][\"color\"]);",
              "err": {},
              "uuid": "2ea6b473-68bc-439d-abff-fe57708ea410",
              "parentUUID": "09beb7db-c702-4f2f-bb1e-e36c2732444a",
              "isHook": false,
              "skipped": false
            },
            {
              "title": "Header Image CSS assertions",
              "fullTitle": "CSS assertions Header Image CSS assertions",
              "timedOut": null,
              "duration": 1369,
              "state": "passed",
              "speed": "fast",
              "pass": true,
              "fail": false,
              "pending": false,
              "context": null,
              "code": "formPage.verifyImageCSSProperties(\"header-Image\", _cssData.default[\"header-Image\"][\"height\"], _cssData.default[\"header-Image\"][\"width\"], _cssData.default[\"header-Image\"][\"border-radius\"]);",
              "err": {},
              "uuid": "94fc8206-3be2-45d3-a43e-33a99979fe60",
              "parentUUID": "09beb7db-c702-4f2f-bb1e-e36c2732444a",
              "isHook": false,
              "skipped": false
            },
            {
              "title": "Footer Image CSS assertions",
              "fullTitle": "CSS assertions Footer Image CSS assertions",
              "timedOut": null,
              "duration": 1261,
              "state": "passed",
              "speed": "fast",
              "pass": true,
              "fail": false,
              "pending": false,
              "context": null,
              "code": "formPage.verifyImageCSSProperties(\"footer-Image\", _cssData.default[\"footer-Image\"][\"height\"], _cssData.default[\"footer-Image\"][\"width\"], _cssData.default[\"footer-Image\"][\"border-radius\"]);",
              "err": {},
              "uuid": "ed47464e-0599-4cec-9dfb-a92ccafbaebf",
              "parentUUID": "09beb7db-c702-4f2f-bb1e-e36c2732444a",
              "isHook": false,
              "skipped": false
            },
            {
              "title": "Imput Fields CSS assertions",
              "fullTitle": "CSS assertions Imput Fields CSS assertions",
              "timedOut": null,
              "duration": 1708,
              "state": "passed",
              "speed": "fast",
              "pass": true,
              "fail": false,
              "pending": false,
              "context": null,
              "code": "formPage.verifyInputFieldsCSSProperties(\"name-Field\", _cssData.default[\"name-Field\"][\"font-size\"], _cssData.default[\"name-Field\"][\"color\"], _cssData.default[\"name-Field\"][\"border-radius\"], _cssData.default[\"name-Field\"][\"font-weight\"], _cssData.default[\"name-Field\"][\"border-color\"], _cssData.default[\"name-Field\"][\"border-width\"], _cssData.default[\"name-Field\"][\"background-color\"], _cssData.default[\"name-Field\"][\"height\"], _cssData.default[\"name-Field\"][\"width\"]);\nformPage.verifyInputFieldsCSSProperties(\"email-Field\", _cssData.default[\"email-Field\"][\"font-size\"], _cssData.default[\"email-Field\"][\"color\"], _cssData.default[\"email-Field\"][\"border-radius\"], _cssData.default[\"email-Field\"][\"font-weight\"], _cssData.default[\"email-Field\"][\"border-color\"], _cssData.default[\"email-Field\"][\"border-width\"], _cssData.default[\"email-Field\"][\"background-color\"], _cssData.default[\"email-Field\"][\"height\"], _cssData.default[\"email-Field\"][\"width\"]);\nformPage.verifyInputFieldsCSSProperties(\"age-Field\", _cssData.default[\"age-Field\"][\"font-size\"], _cssData.default[\"age-Field\"][\"color\"], _cssData.default[\"age-Field\"][\"border-radius\"], _cssData.default[\"age-Field\"][\"font-weight\"], _cssData.default[\"age-Field\"][\"border-color\"], _cssData.default[\"age-Field\"][\"border-width\"], _cssData.default[\"age-Field\"][\"background-color\"], _cssData.default[\"age-Field\"][\"height\"], _cssData.default[\"age-Field\"][\"width\"]);\nformPage.verifyInputFieldsCSSProperties(\"reason-Field\", _cssData.default[\"reason-Field\"][\"font-size\"], _cssData.default[\"reason-Field\"][\"color\"], _cssData.default[\"reason-Field\"][\"border-radius\"], _cssData.default[\"reason-Field\"][\"font-weight\"], _cssData.default[\"reason-Field\"][\"border-color\"], _cssData.default[\"reason-Field\"][\"border-width\"], _cssData.default[\"reason-Field\"][\"background-color\"], _cssData.default[\"reason-Field\"][\"height\"], _cssData.default[\"reason-Field\"][\"width\"]);",
              "err": {},
              "uuid": "45eaf3d6-4629-4115-9772-8903ef095d60",
              "parentUUID": "09beb7db-c702-4f2f-bb1e-e36c2732444a",
              "isHook": false,
              "skipped": false
            }
          ],
          "suites": [],
          "passes": [
            "4b27ea4c-6764-45db-80c4-373d21ccd7b4",
            "2ea6b473-68bc-439d-abff-fe57708ea410",
            "94fc8206-3be2-45d3-a43e-33a99979fe60",
            "ed47464e-0599-4cec-9dfb-a92ccafbaebf",
            "45eaf3d6-4629-4115-9772-8903ef095d60"
          ],
          "failures": [],
          "pending": [],
          "skipped": [],
          "duration": 7921,
          "root": false,
          "rootEmpty": false,
          "_timeout": 2000
        },
        {
          "uuid": "252f66fd-0dfd-4c3d-ad53-4e23047e3aa4",
          "title": "Responsive Testing with different viewports",
          "fullFile": "",
          "file": "",
          "beforeHooks": [],
          "afterHooks": [],
          "tests": [
            {
              "title": "Should work correctly on viewport 375x812",
              "fullTitle": "Responsive Testing with different viewports Should work correctly on viewport 375x812",
              "timedOut": null,
              "duration": 39053,
              "state": "passed",
              "speed": "slow",
              "pass": true,
              "fail": false,
              "pending": false,
              "context": null,
              "code": "cy.viewport(viewport.width, viewport.height);\ncy.screenshot();\nformPage.verifyPresenceTitleandFields();\n_formData.default.validData.forEach((data, index) => {\n  cy.fillFormData(data.name, data.email, data.age, data.reason);\n  formPage.verifySubmissionConfirmed(data.name);\n  formPage.verifySubmissionCount(index + 1);\n  cy.reload();\n});\ncy.log(`Testing viewport: ${viewport.width}x${viewport.height}`);",
              "err": {},
              "uuid": "76821672-4203-438c-b305-6ad7ca72cec8",
              "parentUUID": "252f66fd-0dfd-4c3d-ad53-4e23047e3aa4",
              "isHook": false,
              "skipped": false
            },
            {
              "title": "Should work correctly on viewport 768x1024",
              "fullTitle": "Responsive Testing with different viewports Should work correctly on viewport 768x1024",
              "timedOut": null,
              "duration": 62661,
              "state": "passed",
              "speed": "slow",
              "pass": true,
              "fail": false,
              "pending": false,
              "context": null,
              "code": "cy.viewport(viewport.width, viewport.height);\ncy.screenshot();\nformPage.verifyPresenceTitleandFields();\n_formData.default.validData.forEach((data, index) => {\n  cy.fillFormData(data.name, data.email, data.age, data.reason);\n  formPage.verifySubmissionConfirmed(data.name);\n  formPage.verifySubmissionCount(index + 1);\n  cy.reload();\n});\ncy.log(`Testing viewport: ${viewport.width}x${viewport.height}`);",
              "err": {},
              "uuid": "d0c6fd7e-20eb-4243-bbc7-c9bd88c6a83e",
              "parentUUID": "252f66fd-0dfd-4c3d-ad53-4e23047e3aa4",
              "isHook": false,
              "skipped": false
            },
            {
              "title": "Should work correctly on viewport 1280x720",
              "fullTitle": "Responsive Testing with different viewports Should work correctly on viewport 1280x720",
              "timedOut": null,
              "duration": 47428,
              "state": "passed",
              "speed": "slow",
              "pass": true,
              "fail": false,
              "pending": false,
              "context": null,
              "code": "cy.viewport(viewport.width, viewport.height);\ncy.screenshot();\nformPage.verifyPresenceTitleandFields();\n_formData.default.validData.forEach((data, index) => {\n  cy.fillFormData(data.name, data.email, data.age, data.reason);\n  formPage.verifySubmissionConfirmed(data.name);\n  formPage.verifySubmissionCount(index + 1);\n  cy.reload();\n});\ncy.log(`Testing viewport: ${viewport.width}x${viewport.height}`);",
              "err": {},
              "uuid": "9e4edc8f-88ba-4f71-87bc-1fe7c592be58",
              "parentUUID": "252f66fd-0dfd-4c3d-ad53-4e23047e3aa4",
              "isHook": false,
              "skipped": false
            }
          ],
          "suites": [],
          "passes": [
            "76821672-4203-438c-b305-6ad7ca72cec8",
            "d0c6fd7e-20eb-4243-bbc7-c9bd88c6a83e",
            "9e4edc8f-88ba-4f71-87bc-1fe7c592be58"
          ],
          "failures": [],
          "pending": [],
          "skipped": [],
          "duration": 149142,
          "root": false,
          "rootEmpty": false,
          "_timeout": 2000
        }
      ],
      "passes": [],
      "failures": [],
      "pending": [],
      "skipped": [],
      "duration": 0,
      "root": true,
      "rootEmpty": true,
      "_timeout": 2000
    }
  ],
  "meta": {
    "mocha": {
      "version": "7.0.1"
    },
    "mochawesome": {
      "options": {
        "quiet": false,
        "reportFilename": "mochawesome",
        "saveHtml": false,
        "saveJson": true,
        "consoleReporter": "spec",
        "useInlineDiffs": false,
        "code": true
      },
      "version": "7.1.3"
    },
    "marge": {
      "options": {
        "id": "default",
        "reportDir": "cypress/results/mochawesome",
        "quite": true,
        "overwrite": false,
        "html": false,
        "json": true
      },
      "version": "6.2.0"
    }
  }
}